Setting up GOLD environment...
GOLD Version 5.7.0
Running:
 
     "/local/pcurran/CCDC/Discovery_2019/GOLD/gold/d_linux_64/bin/gold_linux_64" "/home/pcurran/github_packages/hotspots/examples/2_docking/virtual_screening/akt1/docking/0/hs_gold.conf"

Setting up GOLD environment...
GOLD Version 5.7.0
Running:
 
     "/local/pcurran/CCDC/Discovery_2019/GOLD/gold/d_linux_64/bin/gold_linux_64" "/home/pcurran/github_packages/hotspots/examples/2_docking/virtual_screening/akt1/docking/10/hs_gold.conf"

Setting up GOLD environment...
GOLD Version 5.7.0
Running:
 
     "/local/pcurran/CCDC/Discovery_2019/GOLD/gold/d_linux_64/bin/gold_linux_64" "/home/pcurran/github_packages/hotspots/examples/2_docking/virtual_screening/akt1/docking/100/hs_gold.conf"

Starting GOLD with conf file /home/pcurran/github_packages/hotspots/examples/2_docking/virtual_screening/akt1/docking/0/hs_gold.conf
[<hotspots.hs_docking.HotspotHBondConstraint object at 0x7fd72fc3cad0>]
Starting GOLD with conf file /home/pcurran/github_packages/hotspots/examples/2_docking/virtual_screening/akt1/docking/100/hs_gold.conf
[<hotspots.hs_docking.HotspotHBondConstraint object at 0x7fa47b048ad0>]
Starting GOLD with conf file /home/pcurran/github_packages/hotspots/examples/2_docking/virtual_screening/akt1/docking/10/hs_gold.conf
python virtual_screening.py /home/pcurran/github_packages/hotspots/examples/2_docking/virtual_screening/akt1 100
python virtual_screening.py /home/pcurran/github_packages/hotspots/examples/2_docking/virtual_screening/akt1 10
python virtual_screening.py /home/pcurran/github_packages/hotspots/examples/2_docking/virtual_screening/akt1 0
